[debug] [2021-03-10T13:06:32.256Z] ----------------------------------------------------------------------
[debug] [2021-03-10T13:06:32.261Z] Command:       C:\Program Files\nodejs\node.exe C:\Users\ishaq\AppData\Roaming\npm\node_modules\firebase-tools\lib\bin\firebase.js login
[debug] [2021-03-10T13:06:32.261Z] CLI Version:   9.6.0
[debug] [2021-03-10T13:06:32.261Z] Platform:      win32
[debug] [2021-03-10T13:06:32.262Z] Node Version:  v12.19.0
[debug] [2021-03-10T13:06:32.263Z] Time:          Wed Mar 10 2021 16:06:32 GMT+0300 (East Africa Time)
[debug] [2021-03-10T13:06:32.264Z] ----------------------------------------------------------------------
[debug] [2021-03-10T13:06:32.264Z] 
[info] i  Firebase optionally collects CLI usage and error reporting information to help improve our products. Data is collected in accordance with Google's privacy policy (https://policies.google.com/privacy) and is not used to identify you.
 
[info] i  To change your data collection preference at any time, run `firebase logout` and log in again. 
[info] 
[info] Visit this URL on this device to log in:
[info] https://accounts.google.com/o/oauth2/auth?client_id=563584335869-fgrhgmd47bqnekij5i8b5pr03ho849e6.apps.googleusercontent.com&scope=email%20openid%20https%3A%2F%2Fwww.googleapis.com%2Fauth%2Fcloudplatformprojects.readonly%20https%3A%2F%2Fwww.googleapis.com%2Fauth%2Ffirebase%20https%3A%2F%2Fwww.googleapis.com%2Fauth%2Fcloud-platform&response_type=code&state=98162231&redirect_uri=http%3A%2F%2Flocalhost%3A9005
[info] 
[info] Waiting for authentication...
[debug] [2021-03-10T13:06:42.276Z] Error: spawn cmd ENOENT
    at Process.ChildProcess._handle.onexit (internal/child_process.js:267:19)
    at onErrorNT (internal/child_process.js:469:16)
    at processTicksAndRejections (internal/process/task_queues.js:84:21)
[error] 
[error] Error: An unexpected error has occurred.
[debug] [2021-03-10T13:14:51.728Z] ----------------------------------------------------------------------
[debug] [2021-03-10T13:14:51.730Z] Command:       C:\Program Files\nodejs\node.exe C:\Users\ishaq\AppData\Roaming\npm\node_modules\firebase-tools\lib\bin\firebase.js login
[debug] [2021-03-10T13:14:51.730Z] CLI Version:   9.6.0
[debug] [2021-03-10T13:14:51.730Z] Platform:      win32
[debug] [2021-03-10T13:14:51.730Z] Node Version:  v12.19.0
[debug] [2021-03-10T13:14:51.731Z] Time:          Wed Mar 10 2021 16:14:51 GMT+0300 (East Africa Time)
[debug] [2021-03-10T13:14:51.731Z] ----------------------------------------------------------------------
[debug] [2021-03-10T13:14:51.731Z] 
[info] i  Firebase optionally collects CLI usage and error reporting information to help improve our products. Data is collected in accordance with Google's privacy policy (https://policies.google.com/privacy) and is not used to identify you.
 
[info] i  To change your data collection preference at any time, run `firebase logout` and log in again. 
[info] 
[info] Visit this URL on this device to log in:
[info] https://accounts.google.com/o/oauth2/auth?client_id=563584335869-fgrhgmd47bqnekij5i8b5pr03ho849e6.apps.googleusercontent.com&scope=email%20openid%20https%3A%2F%2Fwww.googleapis.com%2Fauth%2Fcloudplatformprojects.readonly%20https%3A%2F%2Fwww.googleapis.com%2Fauth%2Ffirebase%20https%3A%2F%2Fwww.googleapis.com%2Fauth%2Fcloud-platform&response_type=code&state=380730942&redirect_uri=http%3A%2F%2Flocalhost%3A9005
[info] 
[info] Waiting for authentication...
[debug] [2021-03-10T13:14:53.358Z] Error: spawn cmd ENOENT
    at Process.ChildProcess._handle.onexit (internal/child_process.js:267:19)
    at onErrorNT (internal/child_process.js:469:16)
    at processTicksAndRejections (internal/process/task_queues.js:84:21)
[error] 
[error] Error: An unexpected error has occurred.
[debug] [2021-03-10T13:28:45.088Z] ----------------------------------------------------------------------
[debug] [2021-03-10T13:28:45.092Z] Command:       C:\Program Files\nodejs\node.exe C:\Users\ishaq\AppData\Roaming\npm\node_modules\firebase-tools\lib\bin\firebase.js login
[debug] [2021-03-10T13:28:45.093Z] CLI Version:   9.6.0
[debug] [2021-03-10T13:28:45.093Z] Platform:      win32
[debug] [2021-03-10T13:28:45.093Z] Node Version:  v12.19.0
[debug] [2021-03-10T13:28:45.095Z] Time:          Wed Mar 10 2021 16:28:45 GMT+0300 (East Africa Time)
[debug] [2021-03-10T13:28:45.096Z] ----------------------------------------------------------------------
[debug] [2021-03-10T13:28:45.096Z] 
[info] i  Firebase optionally collects CLI usage and error reporting information to help improve our products. Data is collected in accordance with Google's privacy policy (https://policies.google.com/privacy) and is not used to identify you.
 
[info] i  To change your data collection preference at any time, run `firebase logout` and log in again. 
[info] 
[info] Visit this URL on this device to log in:
[info] https://accounts.google.com/o/oauth2/auth?client_id=563584335869-fgrhgmd47bqnekij5i8b5pr03ho849e6.apps.googleusercontent.com&scope=email%20openid%20https%3A%2F%2Fwww.googleapis.com%2Fauth%2Fcloudplatformprojects.readonly%20https%3A%2F%2Fwww.googleapis.com%2Fauth%2Ffirebase%20https%3A%2F%2Fwww.googleapis.com%2Fauth%2Fcloud-platform&response_type=code&state=41710026&redirect_uri=http%3A%2F%2Flocalhost%3A9005
[info] 
[info] Waiting for authentication...
[debug] [2021-03-10T13:28:52.866Z] Error: spawn cmd ENOENT
    at Process.ChildProcess._handle.onexit (internal/child_process.js:267:19)
    at onErrorNT (internal/child_process.js:469:16)
    at processTicksAndRejections (internal/process/task_queues.js:84:21)
[error] 
[error] Error: An unexpected error has occurred.
[debug] [2021-03-10T13:30:17.855Z] ----------------------------------------------------------------------
[debug] [2021-03-10T13:30:17.859Z] Command:       C:\Program Files\nodejs\node.exe C:\Users\ishaq\AppData\Roaming\npm\node_modules\firebase-tools\lib\bin\firebase.js login
[debug] [2021-03-10T13:30:17.860Z] CLI Version:   9.6.0
[debug] [2021-03-10T13:30:17.860Z] Platform:      win32
[debug] [2021-03-10T13:30:17.860Z] Node Version:  v12.19.0
[debug] [2021-03-10T13:30:17.863Z] Time:          Wed Mar 10 2021 16:30:17 GMT+0300 (East Africa Time)
[debug] [2021-03-10T13:30:17.863Z] ----------------------------------------------------------------------
[debug] [2021-03-10T13:30:17.863Z] 
[info] i  Firebase optionally collects CLI usage and error reporting information to help improve our products. Data is collected in accordance with Google's privacy policy (https://policies.google.com/privacy) and is not used to identify you.
 
[info] i  To change your data collection preference at any time, run `firebase logout` and log in again. 
[info] 
[info] Visit this URL on this device to log in:
[info] https://accounts.google.com/o/oauth2/auth?client_id=563584335869-fgrhgmd47bqnekij5i8b5pr03ho849e6.apps.googleusercontent.com&scope=email%20openid%20https%3A%2F%2Fwww.googleapis.com%2Fauth%2Fcloudplatformprojects.readonly%20https%3A%2F%2Fwww.googleapis.com%2Fauth%2Ffirebase%20https%3A%2F%2Fwww.googleapis.com%2Fauth%2Fcloud-platform&response_type=code&state=1063808284&redirect_uri=http%3A%2F%2Flocalhost%3A9005
[info] 
[info] Waiting for authentication...
[debug] [2021-03-10T13:30:20.390Z] Error: spawn cmd ENOENT
    at Process.ChildProcess._handle.onexit (internal/child_process.js:267:19)
    at onErrorNT (internal/child_process.js:469:16)
    at processTicksAndRejections (internal/process/task_queues.js:84:21)
[error] 
[error] Error: An unexpected error has occurred.
[debug] [2021-03-10T13:30:52.715Z] ----------------------------------------------------------------------
[debug] [2021-03-10T13:30:52.717Z] Command:       C:\Program Files\nodejs\node.exe C:\Users\ishaq\AppData\Roaming\npm\node_modules\firebase-tools\lib\bin\firebase.js login
[debug] [2021-03-10T13:30:52.718Z] CLI Version:   9.6.0
[debug] [2021-03-10T13:30:52.718Z] Platform:      win32
[debug] [2021-03-10T13:30:52.718Z] Node Version:  v12.19.0
[debug] [2021-03-10T13:30:52.719Z] Time:          Wed Mar 10 2021 16:30:52 GMT+0300 (East Africa Time)
[debug] [2021-03-10T13:30:52.720Z] ----------------------------------------------------------------------
[debug] [2021-03-10T13:30:52.720Z] 
[info] i  Firebase optionally collects CLI usage and error reporting information to help improve our products. Data is collected in accordance with Google's privacy policy (https://policies.google.com/privacy) and is not used to identify you.
 
[info] i  To change your data collection preference at any time, run `firebase logout` and log in again. 
[info] 
[info] Visit this URL on this device to log in:
[info] https://accounts.google.com/o/oauth2/auth?client_id=563584335869-fgrhgmd47bqnekij5i8b5pr03ho849e6.apps.googleusercontent.com&scope=email%20openid%20https%3A%2F%2Fwww.googleapis.com%2Fauth%2Fcloudplatformprojects.readonly%20https%3A%2F%2Fwww.googleapis.com%2Fauth%2Ffirebase%20https%3A%2F%2Fwww.googleapis.com%2Fauth%2Fcloud-platform&response_type=code&state=256889001&redirect_uri=http%3A%2F%2Flocalhost%3A9005
[info] 
[info] Waiting for authentication...
[debug] [2021-03-10T13:30:54.954Z] Error: spawn cmd ENOENT
    at Process.ChildProcess._handle.onexit (internal/child_process.js:267:19)
    at onErrorNT (internal/child_process.js:469:16)
    at processTicksAndRejections (internal/process/task_queues.js:84:21)
[error] 
[error] Error: An unexpected error has occurred.
[debug] [2021-03-10T13:33:17.779Z] ----------------------------------------------------------------------
[debug] [2021-03-10T13:33:17.781Z] Command:       C:\Program Files\nodejs\node.exe C:\Users\ishaq\AppData\Roaming\npm\node_modules\firebase-tools\lib\bin\firebase.js login
[debug] [2021-03-10T13:33:17.781Z] CLI Version:   9.6.0
[debug] [2021-03-10T13:33:17.781Z] Platform:      win32
[debug] [2021-03-10T13:33:17.781Z] Node Version:  v12.19.0
[debug] [2021-03-10T13:33:17.782Z] Time:          Wed Mar 10 2021 16:33:17 GMT+0300 (East Africa Time)
[debug] [2021-03-10T13:33:17.782Z] ----------------------------------------------------------------------
[debug] [2021-03-10T13:33:17.782Z] 
[info] i  Firebase optionally collects CLI usage and error reporting information to help improve our products. Data is collected in accordance with Google's privacy policy (https://policies.google.com/privacy) and is not used to identify you.
 
[info] i  To change your data collection preference at any time, run `firebase logout` and log in again. 
[info] 
[info] Visit this URL on this device to log in:
[info] https://accounts.google.com/o/oauth2/auth?client_id=563584335869-fgrhgmd47bqnekij5i8b5pr03ho849e6.apps.googleusercontent.com&scope=email%20openid%20https%3A%2F%2Fwww.googleapis.com%2Fauth%2Fcloudplatformprojects.readonly%20https%3A%2F%2Fwww.googleapis.com%2Fauth%2Ffirebase%20https%3A%2F%2Fwww.googleapis.com%2Fauth%2Fcloud-platform&response_type=code&state=1022520703&redirect_uri=http%3A%2F%2Flocalhost%3A9005
[info] 
[info] Waiting for authentication...
[debug] [2021-03-10T13:33:19.531Z] Error: spawn cmd ENOENT
    at Process.ChildProcess._handle.onexit (internal/child_process.js:267:19)
    at onErrorNT (internal/child_process.js:469:16)
    at processTicksAndRejections (internal/process/task_queues.js:84:21)
[error] 
[error] Error: An unexpected error has occurred.
[debug] [2021-03-10T13:34:41.541Z] ----------------------------------------------------------------------
[debug] [2021-03-10T13:34:41.543Z] Command:       C:\Program Files\nodejs\node.exe C:\Users\ishaq\AppData\Roaming\npm\node_modules\firebase-tools\lib\bin\firebase.js login
[debug] [2021-03-10T13:34:41.543Z] CLI Version:   9.6.0
[debug] [2021-03-10T13:34:41.543Z] Platform:      win32
[debug] [2021-03-10T13:34:41.543Z] Node Version:  v12.19.0
[debug] [2021-03-10T13:34:41.544Z] Time:          Wed Mar 10 2021 16:34:41 GMT+0300 (East Africa Time)
[debug] [2021-03-10T13:34:41.545Z] ----------------------------------------------------------------------
[debug] [2021-03-10T13:34:41.545Z] 
[info] i  Firebase optionally collects CLI usage and error reporting information to help improve our products. Data is collected in accordance with Google's privacy policy (https://policies.google.com/privacy) and is not used to identify you.
 
[info] i  To change your data collection preference at any time, run `firebase logout` and log in again. 
[info] 
[info] Visit this URL on this device to log in:
[info] https://accounts.google.com/o/oauth2/auth?client_id=563584335869-fgrhgmd47bqnekij5i8b5pr03ho849e6.apps.googleusercontent.com&scope=email%20openid%20https%3A%2F%2Fwww.googleapis.com%2Fauth%2Fcloudplatformprojects.readonly%20https%3A%2F%2Fwww.googleapis.com%2Fauth%2Ffirebase%20https%3A%2F%2Fwww.googleapis.com%2Fauth%2Fcloud-platform&response_type=code&state=90114135&redirect_uri=http%3A%2F%2Flocalhost%3A9005
[info] 
[info] Waiting for authentication...
[debug] [2021-03-10T13:34:43.653Z] Error: spawn cmd ENOENT
    at Process.ChildProcess._handle.onexit (internal/child_process.js:267:19)
    at onErrorNT (internal/child_process.js:469:16)
    at processTicksAndRejections (internal/process/task_queues.js:84:21)
[error] 
[error] Error: An unexpected error has occurred.
[debug] [2021-03-10T13:35:13.966Z] ----------------------------------------------------------------------
[debug] [2021-03-10T13:35:13.968Z] Command:       C:\Program Files\nodejs\node.exe C:\Users\ishaq\AppData\Roaming\npm\node_modules\firebase-tools\lib\bin\firebase.js login --debug
[debug] [2021-03-10T13:35:13.968Z] CLI Version:   9.6.0
[debug] [2021-03-10T13:35:13.968Z] Platform:      win32
[debug] [2021-03-10T13:35:13.969Z] Node Version:  v12.19.0
[debug] [2021-03-10T13:35:13.970Z] Time:          Wed Mar 10 2021 16:35:13 GMT+0300 (East Africa Time)
[debug] [2021-03-10T13:35:13.970Z] ----------------------------------------------------------------------
[debug] [2021-03-10T13:35:13.970Z] 
[info] i  Firebase optionally collects CLI usage and error reporting information to help improve our products. Data is collected in accordance with Google's privacy policy (https://policies.google.com/privacy) and is not used to identify you.
 
[info] i  To change your data collection preference at any time, run `firebase logout` and log in again. 
[info] 
[info] Visit this URL on this device to log in:
[info] https://accounts.google.com/o/oauth2/auth?client_id=563584335869-fgrhgmd47bqnekij5i8b5pr03ho849e6.apps.googleusercontent.com&scope=email%20openid%20https%3A%2F%2Fwww.googleapis.com%2Fauth%2Fcloudplatformprojects.readonly%20https%3A%2F%2Fwww.googleapis.com%2Fauth%2Ffirebase%20https%3A%2F%2Fwww.googleapis.com%2Fauth%2Fcloud-platform&response_type=code&state=576900933&redirect_uri=http%3A%2F%2Flocalhost%3A9005
[info] 
[info] Waiting for authentication...
[debug] [2021-03-10T13:35:16.745Z] Error: spawn cmd ENOENT
    at Process.ChildProcess._handle.onexit (internal/child_process.js:267:19)
    at onErrorNT (internal/child_process.js:469:16)
    at processTicksAndRejections (internal/process/task_queues.js:84:21)
[error] 
[error] Error: An unexpected error has occurred.
